# JRE version: OpenJDK Runtime Environment Microsoft-13106404 (21.0.10+7) (build 21.0.10+7-LTS)
# Java VM: OpenJDK 64-Bit Server VM Microsoft-13106404 (21.0.10+7-LTS, mixed mode, sharing, tiered, compressed oops, compressed class ptrs, parallel gc, windows-amd64)
GC Precious Log:
 CardTable entry size: 512
 CPUs: 12 total, 12 available
 Memory: 16236M
 Large Page Support: Disabled
 NUMA Support: Disabled
 Compressed Oops: Enabled (Zero based)
 Alignments: Space 512K, Generation 512K, Heap 2M
 Heap Min Capacity: 8M
 Heap Initial Capacity: 254M
 Heap Max Capacity: 4060M
 Pre-touch: Disabled
 Parallel Workers: 10
Heap:
 PSYoungGen      total 75776K, used 34890K [0x00000007ab700000, 0x00000007b0b80000, 0x0000000800000000)
  eden space 65024K, 37% used [0x00000007ab700000,0x00000007ace9a0e0,0x00000007af680000)
  from space 10752K, 99% used [0x00000007b0100000,0x00000007b0b78a38,0x00000007b0b80000)
  to   space 10752K, 0% used [0x00000007af680000,0x00000007af680000,0x00000007b0100000)
 ParOldGen       total 173568K, used 3090K [0x0000000702400000, 0x000000070cd80000, 0x00000007ab700000)
  object space 173568K, 1% used [0x0000000702400000,0x00000007027048b0,0x000000070cd80000)
 Metaspace       used 13752K, committed 14080K, reserved 1114112K
  class space    used 1525K, committed 1664K, reserved 1048576K
GC Heap History (4 events):
Event: 0.969 GC heap before
{Heap before GC invocations=1 (full 0):
 PSYoungGen      total 75776K, used 65024K [0x00000007ab700000, 0x00000007b0b80000, 0x0000000800000000)
  eden space 65024K, 100% used [0x00000007ab700000,0x00000007af680000,0x00000007af680000)
  from space 10752K, 0% used [0x00000007b0100000,0x00000007b0100000,0x00000007b0b80000)
  to   space 10752K, 0% used [0x00000007af680000,0x00000007af680000,0x00000007b0100000)
 ParOldGen       total 173568K, used 0K [0x0000000702400000, 0x000000070cd80000, 0x00000007ab700000)
  object space 173568K, 0% used [0x0000000702400000,0x0000000702400000,0x000000070cd80000)
 Metaspace       used 12411K, committed 12672K, reserved 1114112K
  class space    used 1472K, committed 1600K, reserved 1048576K
}
Event: 0.974 GC heap after
{Heap after GC invocations=1 (full 0):
 PSYoungGen      total 75776K, used 7090K [0x00000007ab700000, 0x00000007b0b80000, 0x0000000800000000)
  eden space 65024K, 0% used [0x00000007ab700000,0x00000007ab700000,0x00000007af680000)
  from space 10752K, 65% used [0x00000007af680000,0x00000007afd6ca48,0x00000007b0100000)
  to   space 10752K, 0% used [0x00000007b0100000,0x00000007b0100000,0x00000007b0b80000)
 ParOldGen       total 173568K, used 24K [0x0000000702400000, 0x000000070cd80000, 0x00000007ab700000)
  object space 173568K, 0% used [0x0000000702400000,0x0000000702406000,0x000000070cd80000)
 Metaspace       used 12411K, committed 12672K, reserved 1114112K
  class space    used 1472K, committed 1600K, reserved 1048576K
}
Event: 1.365 GC heap before
{Heap before GC invocations=2 (full 0):
 PSYoungGen      total 75776K, used 72114K [0x00000007ab700000, 0x00000007b0b80000, 0x0000000800000000)
  eden space 65024K, 100% used [0x00000007ab700000,0x00000007af680000,0x00000007af680000)
  from space 10752K, 65% used [0x00000007af680000,0x00000007afd6ca48,0x00000007b0100000)
  to   space 10752K, 0% used [0x00000007b0100000,0x00000007b0100000,0x00000007b0b80000)
 ParOldGen       total 173568K, used 24K [0x0000000702400000, 0x000000070cd80000, 0x00000007ab700000)
  object space 173568K, 0% used [0x0000000702400000,0x0000000702406000,0x000000070cd80000)
 Metaspace       used 13543K, committed 13824K, reserved 1114112K
  class space    used 1525K, committed 1664K, reserved 1048576K
}
Event: 1.372 GC heap after
{Heap after GC invocations=2 (full 0):
 PSYoungGen      total 75776K, used 10722K [0x00000007ab700000, 0x00000007b0b80000, 0x0000000800000000)
  eden space 65024K, 0% used [0x00000007ab700000,0x00000007ab700000,0x00000007af680000)
  from space 10752K, 99% used [0x00000007b0100000,0x00000007b0b78a38,0x00000007b0b80000)
  to   space 10752K, 0% used [0x00000007af680000,0x00000007af680000,0x00000007b0100000)
 ParOldGen       total 173568K, used 3090K [0x0000000702400000, 0x000000070cd80000, 0x00000007ab700000)
  object space 173568K, 1% used [0x0000000702400000,0x00000007027048b0,0x000000070cd80000)
 Metaspace       used 13543K, committed 13824K, reserved 1114112K
  class space    used 1525K, committed 1664K, reserved 1048576K
}

