# JRE version: OpenJDK Runtime Environment Microsoft-13106404 (21.0.10+7) (build 21.0.10+7-LTS)
# Java VM: OpenJDK 64-Bit Server VM Microsoft-13106404 (21.0.10+7-LTS, mixed mode, sharing, tiered, compressed oops, compressed class ptrs, parallel gc, windows-amd64)
GC Precious Log:
 CardTable entry size: 512
 CPUs: 12 total, 12 available
 Memory: 16236M
 Large Page Support: Disabled
 NUMA Support: Disabled
 Compressed Oops: Enabled (Zero based)
 Alignments: Space 512K, Generation 512K, Heap 2M
 Heap Min Capacity: 8M
 Heap Initial Capacity: 254M
 Heap Max Capacity: 4060M
 Pre-touch: Disabled
 Parallel Workers: 10
Heap:
 PSYoungGen      total 140800K, used 80759K [0x00000007ab700000, 0x00000007b4b00000, 0x0000000800000000)
  eden space 130048K, 53% used [0x00000007ab700000,0x00000007afb5e140,0x00000007b3600000)
  from space 10752K, 99% used [0x00000007b3600000,0x00000007b407fca0,0x00000007b4080000)
  to   space 10752K, 0% used [0x00000007b4080000,0x00000007b4080000,0x00000007b4b00000)
 ParOldGen       total 173568K, used 61104K [0x0000000702400000, 0x000000070cd80000, 0x00000007ab700000)
  object space 173568K, 35% used [0x0000000702400000,0x0000000705fac3b0,0x000000070cd80000)
 Metaspace       used 28624K, committed 29120K, reserved 1114112K
  class space    used 3106K, committed 3328K, reserved 1048576K
GC Heap History (16 events):
Event: 0.928 GC heap before
{Heap before GC invocations=1 (full 0):
 PSYoungGen      total 75776K, used 65024K [0x00000007ab700000, 0x00000007b0b80000, 0x0000000800000000)
  eden space 65024K, 100% used [0x00000007ab700000,0x00000007af680000,0x00000007af680000)
  from space 10752K, 0% used [0x00000007b0100000,0x00000007b0100000,0x00000007b0b80000)
  to   space 10752K, 0% used [0x00000007af680000,0x00000007af680000,0x00000007b0100000)
 ParOldGen       total 173568K, used 0K [0x0000000702400000, 0x000000070cd80000, 0x00000007ab700000)
  object space 173568K, 0% used [0x0000000702400000,0x0000000702400000,0x000000070cd80000)
 Metaspace       used 12407K, committed 12672K, reserved 1114112K
  class space    used 1471K, committed 1600K, reserved 1048576K
}
Event: 0.933 GC heap after
{Heap after GC invocations=1 (full 0):
 PSYoungGen      total 75776K, used 7142K [0x00000007ab700000, 0x00000007b0b80000, 0x0000000800000000)
  eden space 65024K, 0% used [0x00000007ab700000,0x00000007ab700000,0x00000007af680000)
  from space 10752K, 66% used [0x00000007af680000,0x00000007afd79ae8,0x00000007b0100000)
  to   space 10752K, 0% used [0x00000007b0100000,0x00000007b0100000,0x00000007b0b80000)
 ParOldGen       total 173568K, used 24K [0x0000000702400000, 0x000000070cd80000, 0x00000007ab700000)
  object space 173568K, 0% used [0x0000000702400000,0x0000000702406000,0x000000070cd80000)
 Metaspace       used 12407K, committed 12672K, reserved 1114112K
  class space    used 1471K, committed 1600K, reserved 1048576K
}
Event: 1.369 GC heap before
{Heap before GC invocations=2 (full 0):
 PSYoungGen      total 75776K, used 72166K [0x00000007ab700000, 0x00000007b0b80000, 0x0000000800000000)
  eden space 65024K, 100% used [0x00000007ab700000,0x00000007af680000,0x00000007af680000)
  from space 10752K, 66% used [0x00000007af680000,0x00000007afd79ae8,0x00000007b0100000)
  to   space 10752K, 0% used [0x00000007b0100000,0x00000007b0100000,0x00000007b0b80000)
 ParOldGen       total 173568K, used 24K [0x0000000702400000, 0x000000070cd80000, 0x00000007ab700000)
  object space 173568K, 0% used [0x0000000702400000,0x0000000702406000,0x000000070cd80000)
 Metaspace       used 13550K, committed 13824K, reserved 1114112K
  class space    used 1525K, committed 1664K, reserved 1048576K
}
Event: 1.377 GC heap after
{Heap after GC invocations=2 (full 0):
 PSYoungGen      total 75776K, used 10736K [0x00000007ab700000, 0x00000007b4b00000, 0x0000000800000000)
  eden space 65024K, 0% used [0x00000007ab700000,0x00000007ab700000,0x00000007af680000)
  from space 10752K, 99% used [0x00000007b0100000,0x00000007b0b7c250,0x00000007b0b80000)
  to   space 10752K, 0% used [0x00000007af680000,0x00000007af680000,0x00000007b0100000)
 ParOldGen       total 173568K, used 3153K [0x0000000702400000, 0x000000070cd80000, 0x00000007ab700000)
  object space 173568K, 1% used [0x0000000702400000,0x00000007027145b0,0x000000070cd80000)
 Metaspace       used 13550K, committed 13824K, reserved 1114112K
  class space    used 1525K, committed 1664K, reserved 1048576K
}
Event: 1.625 GC heap before
{Heap before GC invocations=3 (full 0):
 PSYoungGen      total 75776K, used 75760K [0x00000007ab700000, 0x00000007b4b00000, 0x0000000800000000)
  eden space 65024K, 100% used [0x00000007ab700000,0x00000007af680000,0x00000007af680000)
  from space 10752K, 99% used [0x00000007b0100000,0x00000007b0b7c250,0x00000007b0b80000)
  to   space 10752K, 0% used [0x00000007af680000,0x00000007af680000,0x00000007b0100000)
 ParOldGen       total 173568K, used 3153K [0x0000000702400000, 0x000000070cd80000, 0x00000007ab700000)
  object space 173568K, 1% used [0x0000000702400000,0x00000007027145b0,0x000000070cd80000)
 Metaspace       used 13872K, committed 14144K, reserved 1114112K
  class space    used 1526K, committed 1664K, reserved 1048576K
}
Event: 1.634 GC heap after
{Heap after GC invocations=3 (full 0):
 PSYoungGen      total 75776K, used 10722K [0x00000007ab700000, 0x00000007b4b00000, 0x0000000800000000)
  eden space 65024K, 0% used [0x00000007ab700000,0x00000007ab700000,0x00000007af680000)
  from space 10752K, 99% used [0x00000007af680000,0x00000007b00f8b10,0x00000007b0100000)
  to   space 10752K, 0% used [0x00000007b4080000,0x00000007b4080000,0x00000007b4b00000)
 ParOldGen       total 173568K, used 11315K [0x0000000702400000, 0x000000070cd80000, 0x00000007ab700000)
  object space 173568K, 6% used [0x0000000702400000,0x0000000702f0cd10,0x000000070cd80000)
 Metaspace       used 13872K, committed 14144K, reserved 1114112K
  class space    used 1526K, committed 1664K, reserved 1048576K
}
Event: 1.928 GC heap before
{Heap before GC invocations=4 (full 0):
 PSYoungGen      total 75776K, used 75746K [0x00000007ab700000, 0x00000007b4b00000, 0x0000000800000000)
  eden space 65024K, 100% used [0x00000007ab700000,0x00000007af680000,0x00000007af680000)
  from space 10752K, 99% used [0x00000007af680000,0x00000007b00f8b10,0x00000007b0100000)
  to   space 10752K, 0% used [0x00000007b4080000,0x00000007b4080000,0x00000007b4b00000)
 ParOldGen       total 173568K, used 11315K [0x0000000702400000, 0x000000070cd80000, 0x00000007ab700000)
  object space 173568K, 6% used [0x0000000702400000,0x0000000702f0cd10,0x000000070cd80000)
 Metaspace       used 14347K, committed 14592K, reserved 1114112K
  class space    used 1548K, committed 1664K, reserved 1048576K
}
Event: 1.938 GC heap after
{Heap after GC invocations=4 (full 0):
 PSYoungGen      total 140800K, used 10726K [0x00000007ab700000, 0x00000007b4b00000, 0x0000000800000000)
  eden space 130048K, 0% used [0x00000007ab700000,0x00000007ab700000,0x00000007b3600000)
  from space 10752K, 99% used [0x00000007b4080000,0x00000007b4af9af8,0x00000007b4b00000)
  to   space 10752K, 0% used [0x00000007b3600000,0x00000007b3600000,0x00000007b4080000)
 ParOldGen       total 173568K, used 18979K [0x0000000702400000, 0x000000070cd80000, 0x00000007ab700000)
  object space 173568K, 10% used [0x0000000702400000,0x0000000703688eb0,0x000000070cd80000)
 Metaspace       used 14347K, committed 14592K, reserved 1114112K
  class space    used 1548K, committed 1664K, reserved 1048576K
}
Event: 3.023 GC heap before
{Heap before GC invocations=5 (full 0):
 PSYoungGen      total 140800K, used 140774K [0x00000007ab700000, 0x00000007b4b00000, 0x0000000800000000)
  eden space 130048K, 100% used [0x00000007ab700000,0x00000007b3600000,0x00000007b3600000)
  from space 10752K, 99% used [0x00000007b4080000,0x00000007b4af9af8,0x00000007b4b00000)
  to   space 10752K, 0% used [0x00000007b3600000,0x00000007b3600000,0x00000007b4080000)
 ParOldGen       total 173568K, used 18979K [0x0000000702400000, 0x000000070cd80000, 0x00000007ab700000)
  object space 173568K, 10% used [0x0000000702400000,0x0000000703688eb0,0x000000070cd80000)
 Metaspace       used 18139K, committed 18560K, reserved 1114112K
  class space    used 1958K, committed 2176K, reserved 1048576K
}
Event: 3.029 GC heap after
{Heap after GC invocations=5 (full 0):
 PSYoungGen      total 140800K, used 10724K [0x00000007ab700000, 0x00000007b4b00000, 0x0000000800000000)
  eden space 130048K, 0% used [0x00000007ab700000,0x00000007ab700000,0x00000007b3600000)
  from space 10752K, 99% used [0x00000007b3600000,0x00000007b40793a8,0x00000007b4080000)
  to   space 10752K, 0% used [0x00000007b4080000,0x00000007b4080000,0x00000007b4b00000)
 ParOldGen       total 173568K, used 21160K [0x0000000702400000, 0x000000070cd80000, 0x00000007ab700000)
  object space 173568K, 12% used [0x0000000702400000,0x00000007038aa390,0x000000070cd80000)
 Metaspace       used 18139K, committed 18560K, reserved 1114112K
  class space    used 1958K, committed 2176K, reserved 1048576K
}
Event: 3.428 GC heap before
{Heap before GC invocations=6 (full 0):
 PSYoungGen      total 140800K, used 40949K [0x00000007ab700000, 0x00000007b4b00000, 0x0000000800000000)
  eden space 130048K, 23% used [0x00000007ab700000,0x00000007ad4842a0,0x00000007b3600000)
  from space 10752K, 99% used [0x00000007b3600000,0x00000007b40793a8,0x00000007b4080000)
  to   space 10752K, 0% used [0x00000007b4080000,0x00000007b4080000,0x00000007b4b00000)
 ParOldGen       total 173568K, used 21160K [0x0000000702400000, 0x000000070cd80000, 0x00000007ab700000)
  object space 173568K, 12% used [0x0000000702400000,0x00000007038aa390,0x000000070cd80000)
 Metaspace       used 21167K, committed 21504K, reserved 1114112K
  class space    used 2361K, committed 2560K, reserved 1048576K
}
Event: 3.434 GC heap after
{Heap after GC invocations=6 (full 0):
 PSYoungGen      total 140800K, used 10732K [0x00000007ab700000, 0x00000007b4b00000, 0x0000000800000000)
  eden space 130048K, 0% used [0x00000007ab700000,0x00000007ab700000,0x00000007b3600000)
  from space 10752K, 99% used [0x00000007b4080000,0x00000007b4afb318,0x00000007b4b00000)
  to   space 10752K, 0% used [0x00000007b3600000,0x00000007b3600000,0x00000007b4080000)
 ParOldGen       total 173568K, used 29479K [0x0000000702400000, 0x000000070cd80000, 0x00000007ab700000)
  object space 173568K, 16% used [0x0000000702400000,0x00000007040c9c50,0x000000070cd80000)
 Metaspace       used 21167K, committed 21504K, reserved 1114112K
  class space    used 2361K, committed 2560K, reserved 1048576K
}
Event: 3.434 GC heap before
{Heap before GC invocations=7 (full 1):
 PSYoungGen      total 140800K, used 10732K [0x00000007ab700000, 0x00000007b4b00000, 0x0000000800000000)
  eden space 130048K, 0% used [0x00000007ab700000,0x00000007ab700000,0x00000007b3600000)
  from space 10752K, 99% used [0x00000007b4080000,0x00000007b4afb318,0x00000007b4b00000)
  to   space 10752K, 0% used [0x00000007b3600000,0x00000007b3600000,0x00000007b4080000)
 ParOldGen       total 173568K, used 29479K [0x0000000702400000, 0x000000070cd80000, 0x00000007ab700000)
  object space 173568K, 16% used [0x0000000702400000,0x00000007040c9c50,0x000000070cd80000)
 Metaspace       used 21167K, committed 21504K, reserved 1114112K
  class space    used 2361K, committed 2560K, reserved 1048576K
}
Event: 3.474 GC heap after
{Heap after GC invocations=7 (full 1):
 PSYoungGen      total 140800K, used 0K [0x00000007ab700000, 0x00000007b4b00000, 0x0000000800000000)
  eden space 130048K, 0% used [0x00000007ab700000,0x00000007ab700000,0x00000007b3600000)
  from space 10752K, 0% used [0x00000007b4080000,0x00000007b4080000,0x00000007b4b00000)
  to   space 10752K, 0% used [0x00000007b3600000,0x00000007b3600000,0x00000007b4080000)
 ParOldGen       total 173568K, used 38836K [0x0000000702400000, 0x000000070cd80000, 0x00000007ab700000)
  object space 173568K, 22% used [0x0000000702400000,0x00000007049ed0b0,0x000000070cd80000)
 Metaspace       used 21167K, committed 21504K, reserved 1114112K
  class space    used 2361K, committed 2560K, reserved 1048576K
}
Event: 6.140 GC heap before
{Heap before GC invocations=8 (full 1):
 PSYoungGen      total 140800K, used 130048K [0x00000007ab700000, 0x00000007b4b00000, 0x0000000800000000)
  eden space 130048K, 100% used [0x00000007ab700000,0x00000007b3600000,0x00000007b3600000)
  from space 10752K, 0% used [0x00000007b4080000,0x00000007b4080000,0x00000007b4b00000)
  to   space 10752K, 0% used [0x00000007b3600000,0x00000007b3600000,0x00000007b4080000)
 ParOldGen       total 173568K, used 38836K [0x0000000702400000, 0x000000070cd80000, 0x00000007ab700000)
  object space 173568K, 22% used [0x0000000702400000,0x00000007049ed0b0,0x000000070cd80000)
 Metaspace       used 25995K, committed 26368K, reserved 1114112K
  class space    used 2793K, committed 2944K, reserved 1048576K
}
Event: 6.153 GC heap after
{Heap after GC invocations=8 (full 1):
 PSYoungGen      total 140800K, used 10751K [0x00000007ab700000, 0x00000007b4b00000, 0x0000000800000000)
  eden space 130048K, 0% used [0x00000007ab700000,0x00000007ab700000,0x00000007b3600000)
  from space 10752K, 99% used [0x00000007b3600000,0x00000007b407fca0,0x00000007b4080000)
  to   space 10752K, 0% used [0x00000007b4080000,0x00000007b4080000,0x00000007b4b00000)
 ParOldGen       total 173568K, used 61104K [0x0000000702400000, 0x000000070cd80000, 0x00000007ab700000)
  object space 173568K, 35% used [0x0000000702400000,0x0000000705fac3b0,0x000000070cd80000)
 Metaspace       used 25995K, committed 26368K, reserved 1114112K
  class space    used 2793K, committed 2944K, reserved 1048576K
}

